<?xml version="1.0" encoding="UTF-8"?>
<testsuite name="hello.jdbc.repository.MemberRepositoryV0Test" tests="1" skipped="0" failures="0" errors="0" timestamp="2022-04-12T10:29:38" hostname="gimjiung-ui-MacBookPro.local" time="0.139">
  <properties/>
  <testcase name="crud()" classname="hello.jdbc.repository.MemberRepositoryV0Test" time="0.139"/>
  <system-out><![CDATA[19:29:38.800 [Test worker] INFO hello.jdbc.connection.DBConnectionUtil - get connection=conn0: url=jdbc:h2:tcp://localhost/~/test user=SA, class=class org.h2.jdbc.JdbcConnection
19:29:38.818 [Test worker] INFO hello.jdbc.connection.DBConnectionUtil - get connection=conn1: url=jdbc:h2:tcp://localhost/~/test user=SA, class=class org.h2.jdbc.JdbcConnection
19:29:38.824 [Test worker] INFO hello.jdbc.repository.MemberRepositoryV0Test - findMember=Member(memberId=memberV0, money=10000)
]]></system-out>
  <system-err><![CDATA[]]></system-err>
</testsuite>
